<?xml version="1.0" encoding="UTF-8"?>
<!-- Generated by org.testng.reporters.JUnitXMLReporter -->
<testsuite hostname="Ty_Nguyen" name="Login guru on Chrome" tests="5" failures="0" timestamp="4 Apr 2019 09:24:52 GMT" time="56.193" errors="0">
  <testcase name="TC_01" time="0.161" classname="com.bankguru.testcase.EditCustomerScript"/>
  <testcase name="TC_02" time="0.127" classname="com.bankguru.testcase.EditCustomerScript"/>
  <testcase name="TC_03" time="0.13" classname="com.bankguru.testcase.EditCustomerScript"/>
  <testcase name="TC_04" time="0.136" classname="com.bankguru.testcase.EditCustomerScript"/>
  <testcase name="TC_05" time="0.743" classname="com.bankguru.testcase.EditCustomerScript"/>
</testsuite> <!-- Login guru on Chrome -->
